Sat Aug 08 15:54:39 IDT 2015 INFO: Initializing daily task!
Sat Aug 08 15:54:41 IDT 2015 INFO: Daily task initialized!
Sat Aug 08 15:54:41 IDT 2015 INFO: Daily expiration task: Task was marked for termination.
Sat Aug 08 15:54:41 IDT 2015 INFO: Daily expiration task: 24 hours cycle was intterupted.
Sat Aug 08 15:54:41 IDT 2015 INFO: Daily expiration task: task terminated.
Sat Aug 08 15:54:55 IDT 2015 INFO: Initializing daily task!
Sat Aug 08 15:54:57 IDT 2015 INFO: Daily task initialized!
Sat Aug 08 15:54:57 IDT 2015 INFO: Daily expiration task: Task was marked for termination.
Sat Aug 08 15:54:57 IDT 2015 INFO: Daily expiration task: 24 hours cycle was intterupted.
Sat Aug 08 15:54:57 IDT 2015 INFO: Daily expiration task: task terminated.
Sat Aug 08 15:59:12 IDT 2015 INFO: Initializing daily task!
Sat Aug 08 15:59:14 IDT 2015 INFO: Daily task initialized!
Sat Aug 08 15:59:14 IDT 2015 INFO: Daily expiration task: Task was marked for termination.
Sat Aug 08 15:59:14 IDT 2015 INFO: Daily expiration task: 24 hours cycle was intterupted.
Sat Aug 08 15:59:14 IDT 2015 INFO: Daily expiration task: task terminated.
Sat Aug 08 16:05:54 IDT 2015 INFO: Initializing daily task!
Sat Aug 08 16:05:56 IDT 2015 INFO: Daily task initialized!
Sat Aug 08 16:05:56 IDT 2015 INFO: Daily expiration task: Task was marked for termination.
Sat Aug 08 16:05:56 IDT 2015 INFO: Daily expiration task: 24 hours cycle was intterupted.
Sat Aug 08 16:05:56 IDT 2015 INFO: Daily expiration task: task terminated.
Sat Aug 08 16:09:58 IDT 2015 INFO: Initializing daily task!
Sat Aug 08 16:10:00 IDT 2015 INFO: Daily task initialized!
Sat Aug 08 16:10:01 IDT 2015 INFO: Daily expiration task: Task was marked for termination.
Sat Aug 08 16:10:01 IDT 2015 INFO: Daily expiration task: 24 hours cycle was intterupted.
Sat Aug 08 16:10:01 IDT 2015 INFO: Daily expiration task: task terminated.
Sat Aug 08 16:11:35 IDT 2015 INFO: Initializing daily task!
Sat Aug 08 16:11:37 IDT 2015 INFO: Daily task initialized!
Sat Aug 08 16:11:38 IDT 2015 INFO: Daily expiration task: Task was marked for termination.
Sat Aug 08 16:11:38 IDT 2015 INFO: Daily expiration task: 24 hours cycle was intterupted.
Sat Aug 08 16:11:38 IDT 2015 INFO: Daily expiration task: task terminated.
